[debug] [2021-09-28T01:03:41.639Z] ----------------------------------------------------------------------
[debug] [2021-09-28T01:03:41.643Z] Command:       C:\Program Files\nodejs\node.exe C:\Users\Ashwath\AppData\Roaming\npm\node_modules\firebase-tools\lib\bin\firebase.js deploy
[debug] [2021-09-28T01:03:41.643Z] CLI Version:   9.5.0
[debug] [2021-09-28T01:03:41.643Z] Platform:      win32
[debug] [2021-09-28T01:03:41.644Z] Node Version:  v12.18.4
[debug] [2021-09-28T01:03:41.645Z] Time:          Tue Sep 28 2021 06:33:41 GMT+0530 (India Standard Time)
[debug] [2021-09-28T01:03:41.645Z] ----------------------------------------------------------------------
[debug] [2021-09-28T01:03:41.646Z] 
[debug] [2021-09-28T01:03:41.650Z] >>> [apiv2][query] GET https://firebase-public.firebaseio.com/cli.json [none]
[debug] [2021-09-28T01:03:41.688Z] > command requires scopes: ["email","openid","https://www.googleapis.com/auth/cloudplatformprojects.readonly","https://www.googleapis.com/auth/firebase","https://www.googleapis.com/auth/cloud-platform"]
[debug] [2021-09-28T01:03:41.689Z] > authorizing via signed-in user
[debug] [2021-09-28T01:03:41.690Z] [iam] checking project geomocus-qa for permissions ["firebase.projects.get","firebasehosting.sites.update"]
[debug] [2021-09-28T01:03:41.692Z] >>> HTTP REQUEST POST https://cloudresourcemanager.googleapis.com/v1/projects/geomocus-qa:testIamPermissions  
 {"permissions":["firebase.projects.get","firebasehosting.sites.update"]}
[debug] [2021-09-28T01:04:03.011Z] [iam] error while checking permissions, command may fail: FirebaseError: Server Error. connect ETIMEDOUT 172.217.160.138:443
[debug] [2021-09-28T01:04:03.014Z] > refreshing access token with scopes: []
[debug] [2021-09-28T01:04:03.015Z] >>> HTTP REQUEST POST https://www.googleapis.com/oauth2/v3/token  
 <request body omitted>
[debug] [2021-09-28T01:04:03.355Z] <<< HTTP RESPONSE 200 {"pragma":"no-cache","expires":"Mon, 01 Jan 1990 00:00:00 GMT","date":"Tue, 28 Sep 2021 01:04:05 GMT","cache-control":"no-cache, no-store, max-age=0, must-revalidate","content-type":"application/json; charset=utf-8","vary":"X-Origin, Referer, Origin,Accept-Encoding","server":"scaffolding on HTTPServer2","x-xss-protection":"0","x-frame-options":"SAMEORIGIN","x-content-type-options":"nosniff","alt-svc":"h3=\":443\"; ma=2592000,h3-29=\":443\"; ma=2592000,h3-T051=\":443\"; ma=2592000,h3-Q050=\":443\"; ma=2592000,h3-Q046=\":443\"; ma=2592000,h3-Q043=\":443\"; ma=2592000,quic=\":443\"; ma=2592000; v=\"46,43\"","accept-ranges":"none","transfer-encoding":"chunked"}
[debug] [2021-09-28T01:04:03.411Z] >>> [apiv2][query] GET https://firebase.googleapis.com/v1beta1/projects/geomocus-qa [none]
[debug] [2021-09-28T01:04:24.485Z] Failed to make request to https://firebase.googleapis.com/v1beta1/projects/geomocus-qa
[debug] [2021-09-28T01:04:45.506Z] FirebaseError: Failed to make request to https://firebase.googleapis.com/v1beta1/projects/geomocus-qa
    at Client.doRequest (C:\Users\Ashwath\AppData\Roaming\npm\node_modules\firebase-tools\lib\apiv2.js:211:19)
    at processTicksAndRejections (internal/process/task_queues.js:97:5)
[error] 
[error] Error: Failed to get Firebase project geomocus-qa. Please make sure the project exists and your account has permission to access it.
